C51 COMPILER V9.54   MATRIXKEY                                                             06/15/2022 23:22:43 PAGE 1   


C51 COMPILER V9.54, COMPILATION OF MODULE MATRIXKEY
OBJECT MODULE PLACED IN .\Objects\MatrixKey.obj
COMPILER INVOKED BY: D:\C51\BIN\C51.EXE MatrixKey.c OPTIMIZE(8,SPEED) BROWSE DEBUG OBJECTEXTEND PRINT(.\Listings\MatrixK
                    -ey.lst) OBJECT(.\Objects\MatrixKey.obj)

line level    source

   1          #include <REGX52.h>
   2          #include "INTRINS.H"
   3          unsigned char Key_KeyNumber;
   4          
   5          unsigned char Matrix_Key()
   6          {
   7   1              unsigned char Temp;
   8   1              Temp=Key_KeyNumber;
   9   1              Key_KeyNumber=0;
  10   1              return Temp;
  11   1      }
  12          
  13          unsigned char MatrixKey()
  14          {
  15   1              unsigned char KeyNumber=0;
  16   1                              
  17   1              P1=0xFF;P1_0=0; 
  18   1              if(P1_4==0){KeyNumber=16;}
  19   1              if(P1_5==0){KeyNumber=12;}
  20   1              if(P1_6==0){KeyNumber=8;}
  21   1              if(P1_7==0){KeyNumber=4;}
  22   1              
  23   1              P1=0xFF;P1_1=0; 
  24   1              if(P1_4==0){KeyNumber=15;}
  25   1              if(P1_5==0){KeyNumber=11;}
  26   1              if(P1_6==0){KeyNumber=7;}
  27   1              if(P1_7==0){KeyNumber=3;}
  28   1              P1=0xFF;P1_2=0;  
  29   1              if(P1_4==0){KeyNumber=14;}
  30   1              if(P1_5==0){KeyNumber=10;}
  31   1              if(P1_6==0){KeyNumber=6;}
  32   1              if(P1_7==0){KeyNumber=2;}
  33   1              P1=0xFF;P1_3=0;  
  34   1              if(P1_4==0){KeyNumber=13;}
  35   1              if(P1_5==0){KeyNumber=9;}
  36   1              if(P1_6==0){KeyNumber=5;}
  37   1              if(P1_7==0){KeyNumber=1;}
  38   1      
  39   1              
  40   1                                              return KeyNumber;
  41   1      }
  42          
  43          
  44          void Loop_MatrixKey()
  45          {
  46   1              static unsigned char LastKey=0,NowKey=0;
  47   1              LastKey=NowKey;
  48   1              NowKey=MatrixKey();
  49   1              if(LastKey==0  && NowKey==1){Key_KeyNumber=1;};
  50   1              if(LastKey==0  && NowKey==2){Key_KeyNumber=2;};
  51   1              if(LastKey==0  && NowKey==3){Key_KeyNumber=3;};
  52   1              if(LastKey==0  && NowKey==4){Key_KeyNumber=4;};
  53   1              if(LastKey==0  && NowKey==5){Key_KeyNumber=5;};
  54   1              if(LastKey==0  && NowKey==6){Key_KeyNumber=6;};
C51 COMPILER V9.54   MATRIXKEY                                                             06/15/2022 23:22:43 PAGE 2   

  55   1              if(LastKey==0  && NowKey==7){Key_KeyNumber=7;};
  56   1              if(LastKey==0  && NowKey==8){Key_KeyNumber=8;};
  57   1              if(LastKey==0  && NowKey==9){Key_KeyNumber=9;};
  58   1              if(LastKey==0  && NowKey==10){Key_KeyNumber=10;};
  59   1              if(LastKey==0  && NowKey==11){Key_KeyNumber=11;};
  60   1              if(LastKey==0  && NowKey==12){Key_KeyNumber=12;};
  61   1              if(LastKey==0  && NowKey==13){Key_KeyNumber=13;};
  62   1              if(LastKey==0  && NowKey==14){Key_KeyNumber=14;};
  63   1              if(LastKey==0  && NowKey==15){Key_KeyNumber=15;};
  64   1              if(LastKey==0  && NowKey==16){Key_KeyNumber=16;};
  65   1              
  66   1      }
  67          
  68          
  69          
  70          
  71          
  72          
  73          
  74          
  75          
  76          
  77          
  78          
  79          
  80          
  81          
  82          
  83          
  84          


MODULE INFORMATION:   STATIC OVERLAYABLE
   CODE SIZE        =    310    ----
   CONSTANT SIZE    =   ----    ----
   XDATA SIZE       =   ----    ----
   PDATA SIZE       =   ----    ----
   DATA SIZE        =      3    ----
   IDATA SIZE       =   ----    ----
   BIT SIZE         =   ----    ----
END OF MODULE INFORMATION.


C51 COMPILATION COMPLETE.  0 WARNING(S),  0 ERROR(S)
