C51 COMPILER V9.54   TIMER1                                                                12/21/2025 18:44:54 PAGE 1   


C51 COMPILER V9.54, COMPILATION OF MODULE TIMER1
OBJECT MODULE PLACED IN .\Objects\Timer1.obj
COMPILER INVOKED BY: D:\keil5\C51\BIN\C51.EXE Timer1.c OPTIMIZE(8,SPEED) BROWSE DEBUG OBJECTEXTEND PRINT(.\Listings\Time
                    -r1.lst) TABS(2) OBJECT(.\Objects\Timer1.obj)

line level    source

   1          #include <REGX52.H>
   2          
   3          
   4          void Timer1Init(void)   //1毫秒@11.0592MHz
   5          {
   6   1        TMOD &= 0x0F;   
   7   1        TL1 = 0xCD;   
   8   1        TH1 = 0xD4;   
   9   1        TF1 = 0;    
  10   1        TR1 = 1;
  11   1        ET1 = 1;       
  12   1        PT1 = 1;
  13   1        
  14   1      }


MODULE INFORMATION:   STATIC OVERLAYABLE
   CODE SIZE        =     18    ----
   CONSTANT SIZE    =   ----    ----
   XDATA SIZE       =   ----    ----
   PDATA SIZE       =   ----    ----
   DATA SIZE        =   ----    ----
   IDATA SIZE       =   ----    ----
   BIT SIZE         =   ----    ----
END OF MODULE INFORMATION.


C51 COMPILATION COMPLETE.  0 WARNING(S),  0 ERROR(S)
