C51 COMPILER V9.54   NIXIE                                                                 12/21/2025 18:44:54 PAGE 1   


C51 COMPILER V9.54, COMPILATION OF MODULE NIXIE
OBJECT MODULE PLACED IN .\Objects\Nixie.obj
COMPILER INVOKED BY: D:\keil5\C51\BIN\C51.EXE Nixie.c OPTIMIZE(8,SPEED) BROWSE DEBUG OBJECTEXTEND PRINT(.\Listings\Nixie
                    -.lst) TABS(2) OBJECT(.\Objects\Nixie.obj)

line level    source

   1          #include <REGX52.H>
   2          unsigned char Nixie_Buf[9]={0,10,10,10,10,10,10,10,10};
   3          unsigned char NixieTable[]={0x3F,0x06,0x5B,0x4F,0x66,0x6D,0x7D,0x07,0x7F,0x6F,0x00,0x40};
   4          void Nixie_SetBuf(unsigned char Location,Number)
   5          {
   6   1        Nixie_Buf[Location]=Number;
   7   1      }
   8          void Nixie_Scan(unsigned char Location,Number)
   9          {
  10   1        P0=0x00;        //段码清0，消影
  11   1        switch(Location)    //位码输出
  12   1        {
  13   2          case 1:P2_4=1;P2_3=1;P2_2=1;break;
  14   2          case 2:P2_4=1;P2_3=1;P2_2=0;break;
  15   2          case 3:P2_4=1;P2_3=0;P2_2=1;break;
  16   2          case 4:P2_4=1;P2_3=0;P2_2=0;break;
  17   2          case 5:P2_4=0;P2_3=1;P2_2=1;break;
  18   2          case 6:P2_4=0;P2_3=1;P2_2=0;break;
  19   2          case 7:P2_4=0;P2_3=0;P2_2=1;break;
  20   2          case 8:P2_4=0;P2_3=0;P2_2=0;break;
  21   2        }
  22   1        P0=NixieTable[Number];  //段码输出
  23   1      }
  24          void Nixie_Loop()
  25          {
  26   1        static unsigned char i=1;
  27   1        Nixie_Scan(i,Nixie_Buf[i]);
  28   1        i++;
  29   1        if(i>=9){i=1;}
  30   1      }


MODULE INFORMATION:   STATIC OVERLAYABLE
   CODE SIZE        =    138    ----
   CONSTANT SIZE    =   ----    ----
   XDATA SIZE       =   ----    ----
   PDATA SIZE       =   ----    ----
   DATA SIZE        =     22    ----
   IDATA SIZE       =   ----    ----
   BIT SIZE         =   ----    ----
END OF MODULE INFORMATION.


C51 COMPILATION COMPLETE.  0 WARNING(S),  0 ERROR(S)
